~distribuidos (2013-05-28 21:18:11)~ MENSAJE ~~~ Se movio el archivo de ../arribos/A-6-2012-05 a ../aceptados/A-6-2012-05.
~distribuidos (2013-05-28 21:18:11)~ MENSAJE ~~~ Se movio el archivo de ../arribos/A-6-2012-06 a ../aceptados/A-6-2012-06.
~distribuidos (2013-05-28 21:18:11)~ MENSAJE ~~~ Se movio el archivo de ../arribos/A-6-2012-07 a ../aceptados/A-6-2012-07.
~distribuidos (2013-05-28 21:18:11)~ MENSAJE ~~~ Se movio el archivo de ../arribos/A-6-2012-08 a ../aceptados/A-6-2012-08.
~distribuidos (2013-05-28 21:18:11)~ MENSAJE ~~~ Se movio el archivo de ../arribos/A-6-2012-09 a ../aceptados/A-6-2012-09.
~distribuidos (2013-05-28 21:18:11)~ MENSAJE ~~~ Se movio el archivo de ../arribos/A-6-2012-10 a ../aceptados/A-6-2012-10.
~distribuidos (2013-05-28 21:18:11)~ MENSAJE ~~~ Se movio el archivo de ../arribos/A-6-2012-11 a ../aceptados/A-6-2012-11.
~distribuidos (2013-05-28 21:18:11)~ MENSAJE ~~~ Se movio el archivo de ../arribos/A-6-2012-12 a ../aceptados/A-6-2012-12.
~distribuidos (2013-05-28 21:18:11)~ MENSAJE ~~~ Se movio el archivo de ../arribos/A-7-2013-01 a ../aceptados/A-7-2013-01.
~distribuidos (2013-05-28 21:18:11)~ MENSAJE ~~~ Se movio el archivo de ../arribos/A-7-2013-02 a ../aceptados/A-7-2013-02.
~distribuidos (2013-05-28 21:18:11)~ MENSAJE ~~~ Se movio el archivo de ../arribos/A-7-2013-03 a ../aceptados/A-7-2013-03.
~distribuidos (2013-05-28 21:18:11)~ MENSAJE ~~~ Se movio el archivo de ../arribos/A-7-2013-04 a ../aceptados/A-7-2013-04.
~distribuidos (2013-05-28 21:18:12)~ MENSAJE ~~~ Se movio el archivo de ../aceptados/A-6-2012-05 a ../procesados/A-6-2012-05.
~distribuidos (2013-05-28 21:18:12)~ MENSAJE ~~~ Se movio el archivo de ../aceptados/A-6-2012-06 a ../procesados/A-6-2012-06.
~distribuidos (2013-05-28 21:18:12)~ MENSAJE ~~~ Se movio el archivo de ../aceptados/A-6-2012-07 a ../procesados/A-6-2012-07.
~distribuidos (2013-05-28 21:18:13)~ MENSAJE ~~~ Se movio el archivo de ../aceptados/A-6-2012-08 a ../procesados/A-6-2012-08.
~distribuidos (2013-05-28 21:18:13)~ MENSAJE ~~~ Se movio el archivo de ../aceptados/A-6-2012-09 a ../procesados/A-6-2012-09.
~distribuidos (2013-05-28 21:18:14)~ MENSAJE ~~~ Se movio el archivo de ../aceptados/A-6-2012-10 a ../procesados/A-6-2012-10.
~distribuidos (2013-05-28 21:18:14)~ MENSAJE ~~~ Se movio el archivo de ../aceptados/A-6-2012-11 a ../procesados/A-6-2012-11.
~distribuidos (2013-05-28 21:18:14)~ MENSAJE ~~~ Se movio el archivo de ../aceptados/A-6-2012-12 a ../procesados/A-6-2012-12.
~distribuidos (2013-05-28 21:18:16)~ MENSAJE ~~~ Se movio el archivo de ../aceptados/A-7-2013-01 a ../procesados/A-7-2013-01.
~distribuidos (2013-05-28 21:18:17)~ MENSAJE ~~~ Se movio el archivo de ../aceptados/A-7-2013-02 a ../procesados/A-7-2013-02.
~distribuidos (2013-05-28 21:18:19)~ MENSAJE ~~~ Se movio el archivo de ../aceptados/A-7-2013-03 a ../procesados/A-7-2013-03.
~distribuidos (2013-05-28 21:18:19)~ MENSAJE ~~~ Se movio el archivo de ../aceptados/A-7-2013-04 a ../procesados/A-7-2013-04.
~distribuidos (2013-05-28 21:25:11)~ MENSAJE ~~~ Se movio el archivo de ../arribos/C-6-2012-07 a ../aceptados/C-6-2012-07.
~distribuidos (2013-05-28 21:25:11)~ MENSAJE ~~~ Se movio el archivo de ../arribos/C-6-2012-08 a ../aceptados/C-6-2012-08.
~distribuidos (2013-05-28 21:25:11)~ MENSAJE ~~~ Se movio el archivo de ../arribos/C-6-2012-09 a ../aceptados/C-6-2012-09.
~distribuidos (2013-05-28 21:25:11)~ MENSAJE ~~~ Se movio el archivo de ../arribos/C-7-2012-04 a ../aceptados/C-7-2012-04.
~distribuidos (2013-05-28 21:25:12)~ MENSAJE ~~~ Se movio el archivo de ../arribos/C-7-2012-05 a ../aceptados/C-7-2012-05.
~distribuidos (2013-05-28 21:25:12)~ MENSAJE ~~~ Se movio el archivo de ../arribos/C-7-2012-06 a ../aceptados/C-7-2012-06.
~distribuidos (2013-05-28 21:25:13)~ MENSAJE ~~~ Se movio el archivo de ../aceptados/C-6-2012-07 a ../procesados/C-6-2012-07.
~distribuidos (2013-05-28 21:25:14)~ MENSAJE ~~~ Se movio el archivo de ../aceptados/C-6-2012-08 a ../procesados/C-6-2012-08.
~distribuidos (2013-05-28 21:25:15)~ MENSAJE ~~~ Se movio el archivo de ../aceptados/C-6-2012-09 a ../procesados/C-6-2012-09.
~distribuidos (2013-05-28 21:25:16)~ MENSAJE ~~~ Se movio el archivo de ../aceptados/C-7-2012-04 a ../procesados/C-7-2012-04.
~distribuidos (2013-05-28 21:25:17)~ MENSAJE ~~~ Se movio el archivo de ../aceptados/C-7-2012-05 a ../procesados/C-7-2012-05.
~distribuidos (2013-05-28 21:25:17)~ MENSAJE ~~~ Se movio el archivo de ../aceptados/C-7-2012-06 a ../procesados/C-7-2012-06.
~distribuidos (2013-05-28 21:38:36)~ MENSAJE ~~~ Se movio el archivo de ../aceptados/C-7-2012-03 a ../rechazados/C-7-2012-03.
~distribuidos (2013-05-28 21:41:05)~ MENSAJE ~~~ Se movio el archivo de ../aceptados/A-6-2012-05 a ../rechazados/A-6-2012-05.
~distribuidos (2013-05-28 21:41:32)~ MENSAJE ~~~ Se movio el archivo de ../aceptados/A-6-2012-04 a ../rechazados/A-6-2012-04.
