====mar may 28 21:17:34 ART 2013---Creando archivo de log... ====
====mar may 28 21:17:34 ART 2013---Inicio de Ejecución ====
====mar may 28 21:17:34 ART 2013---Directorio de configuración: grupo4/conf ====
====mar may 28 21:17:34 ART 2013---Log del Comando Instal4: grupo4/grupo4/conf/Instal4.log ====
====mar may 28 21:17:35 ART 2013---Perl Version: 5.012004 ====
====mar may 28 21:17:37 ART 2013---Directorio de instalación de ejecutables: grupo4/bin ====
====mar may 28 21:17:37 ART 2013---Directorio de instalación de los archivos maestros: grupo4/mae ====
====mar may 28 21:17:40 ART 2013---Directorio de instalación de los archivos externos: grupo4/arribos ====
====mar may 28 21:17:40 ART 2013---Espacio mínimo libre para el arribo de archivos externos (Mb): 100 ====
====mar may 28 21:17:41 ART 2013---Directorio de grabación de los archivos externos rechazados: grupo4/rechazados ====
====mar may 28 21:17:41 ART 2013---Directorio de grabación de los archivos externos aceptados: grupo4/aceptados ====
====mar may 28 21:17:41 ART 2013---Directorio de grabación de los archivos procesados: grupo4/procesados ====
====mar may 28 21:17:44 ART 2013---Inicio de Ejecución ====
====mar may 28 21:17:44 ART 2013---Directorio de configuración: grupo4/conf ====
====mar may 28 21:17:44 ART 2013---Log del Comando Instal4: grupo4/grupo4/conf/Instal4.log ====
====mar may 28 21:17:45 ART 2013---Perl Version: 5.012004 ====
====mar may 28 21:17:46 ART 2013---Directorio de instalación de ejecutables: grupo4/bin ====
====mar may 28 21:17:46 ART 2013---Directorio de instalación de los archivos maestros: grupo4/mae ====
====mar may 28 21:17:47 ART 2013---Directorio de instalación de los archivos externos: grupo4/arribos ====
====mar may 28 21:17:47 ART 2013---Espacio mínimo libre para el arribo de archivos externos (Mb): 100 ====
====mar may 28 21:17:47 ART 2013---Directorio de grabación de los archivos externos rechazados: grupo4/rechazados ====
====mar may 28 21:17:48 ART 2013---Directorio de grabación de los archivos externos aceptados: grupo4/aceptados ====
====mar may 28 21:17:48 ART 2013---Directorio de grabación de los archivos procesados: grupo4/procesados ====
====mar may 28 21:17:48 ART 2013---Directorio de grabación de los reportes de salida: grupo4/reportes ====
====mar may 28 21:17:49 ART 2013---Directorio de grabación de logs: grupo4/log ====
====mar may 28 21:17:49 ART 2013---Extensión para archivos de log: .log ====
====mar may 28 21:17:51 ART 2013---Fin de Ejecución ====
