~distribuidos (2013-05-28 21:18:11)~ MENSAJE ~~~ Se inicializa el interprete con 12 archivos.
~distribuidos (2013-05-28 21:18:11)~ MENSAJE ~~~ Se procedera a procesar A-6-2012-05
~distribuidos (2013-05-28 21:18:11)~ MENSAJE ~~~ Campo numerico vacio. Se reemplaza por 0,0
~distribuidos (2013-05-28 21:18:12)~ MENSAJE ~~~ Campo numerico vacio. Se reemplaza por 0,0
~distribuidos (2013-05-28 21:18:12)~ MENSAJE ~~~ A-6-2012-05 se proceso con exito guardando los datos correspondientes en ../procesados/PRESTAMOS.A
~distribuidos (2013-05-28 21:18:12)~ MENSAJE ~~~ Se procedera a procesar A-6-2012-06
~distribuidos (2013-05-28 21:18:12)~ MENSAJE ~~~ Campo numerico vacio. Se reemplaza por 0,0
~distribuidos (2013-05-28 21:18:12)~ MENSAJE ~~~ Campo numerico vacio. Se reemplaza por 0,0
~distribuidos (2013-05-28 21:18:12)~ MENSAJE ~~~ Campo numerico vacio. Se reemplaza por 0,0
~distribuidos (2013-05-28 21:18:12)~ MENSAJE ~~~ A-6-2012-06 se proceso con exito guardando los datos correspondientes en ../procesados/PRESTAMOS.A
~distribuidos (2013-05-28 21:18:12)~ MENSAJE ~~~ Se procedera a procesar A-6-2012-07
~distribuidos (2013-05-28 21:18:12)~ MENSAJE ~~~ Campo numerico vacio. Se reemplaza por 0,0
~distribuidos (2013-05-28 21:18:12)~ MENSAJE ~~~ Campo numerico vacio. Se reemplaza por 0,0
~distribuidos (2013-05-28 21:18:12)~ MENSAJE ~~~ Campo numerico vacio. Se reemplaza por 0,0
~distribuidos (2013-05-28 21:18:12)~ MENSAJE ~~~ A-6-2012-07 se proceso con exito guardando los datos correspondientes en ../procesados/PRESTAMOS.A
~distribuidos (2013-05-28 21:18:12)~ MENSAJE ~~~ Se procedera a procesar A-6-2012-08
~distribuidos (2013-05-28 21:18:12)~ MENSAJE ~~~ Campo numerico vacio. Se reemplaza por 0,0
~distribuidos (2013-05-28 21:18:13)~ MENSAJE ~~~ Campo numerico vacio. Se reemplaza por 0,0
~distribuidos (2013-05-28 21:18:13)~ MENSAJE ~~~ Campo numerico vacio. Se reemplaza por 0,0
~distribuidos (2013-05-28 21:18:13)~ MENSAJE ~~~ Campo numerico vacio. Se reemplaza por 0,0
~distribuidos (2013-05-28 21:18:13)~ MENSAJE ~~~ Campo numerico vacio. Se reemplaza por 0,0
~distribuidos (2013-05-28 21:18:13)~ MENSAJE ~~~ A-6-2012-08 se proceso con exito guardando los datos correspondientes en ../procesados/PRESTAMOS.A
~distribuidos (2013-05-28 21:18:13)~ MENSAJE ~~~ Se procedera a procesar A-6-2012-09
~distribuidos (2013-05-28 21:18:13)~ MENSAJE ~~~ Campo numerico vacio. Se reemplaza por 0,0
~distribuidos (2013-05-28 21:18:13)~ MENSAJE ~~~ A-6-2012-09 se proceso con exito guardando los datos correspondientes en ../procesados/PRESTAMOS.A
~distribuidos (2013-05-28 21:18:13)~ MENSAJE ~~~ Se procedera a procesar A-6-2012-10
~distribuidos (2013-05-28 21:18:13)~ MENSAJE ~~~ Campo numerico vacio. Se reemplaza por 0,0
~distribuidos (2013-05-28 21:18:13)~ MENSAJE ~~~ Campo numerico vacio. Se reemplaza por 0,0
~distribuidos (2013-05-28 21:18:13)~ MENSAJE ~~~ Campo numerico vacio. Se reemplaza por 0,0
~distribuidos (2013-05-28 21:18:13)~ MENSAJE ~~~ Campo numerico vacio. Se reemplaza por 0,0
~distribuidos (2013-05-28 21:18:13)~ MENSAJE ~~~ Campo numerico vacio. Se reemplaza por 0,0
~distribuidos (2013-05-28 21:18:13)~ MENSAJE ~~~ Campo numerico vacio. Se reemplaza por 0,0
~distribuidos (2013-05-28 21:18:13)~ MENSAJE ~~~ Campo numerico vacio. Se reemplaza por 0,0
~distribuidos (2013-05-28 21:18:13)~ MENSAJE ~~~ Campo numerico vacio. Se reemplaza por 0,0
~distribuidos (2013-05-28 21:18:13)~ MENSAJE ~~~ Campo numerico vacio. Se reemplaza por 0,0
~distribuidos (2013-05-28 21:18:13)~ MENSAJE ~~~ Campo numerico vacio. Se reemplaza por 0,0
~distribuidos (2013-05-28 21:18:13)~ MENSAJE ~~~ Campo numerico vacio. Se reemplaza por 0,0
~distribuidos (2013-05-28 21:18:13)~ MENSAJE ~~~ Campo numerico vacio. Se reemplaza por 0,0
~distribuidos (2013-05-28 21:18:14)~ MENSAJE ~~~ Campo numerico vacio. Se reemplaza por 0,0
~distribuidos (2013-05-28 21:18:14)~ MENSAJE ~~~ A-6-2012-10 se proceso con exito guardando los datos correspondientes en ../procesados/PRESTAMOS.A
~distribuidos (2013-05-28 21:18:14)~ MENSAJE ~~~ Se procedera a procesar A-6-2012-11
~distribuidos (2013-05-28 21:18:14)~ MENSAJE ~~~ Campo numerico vacio. Se reemplaza por 0,0
~distribuidos (2013-05-28 21:18:14)~ MENSAJE ~~~ Campo numerico vacio. Se reemplaza por 0,0
~distribuidos (2013-05-28 21:18:14)~ MENSAJE ~~~ Campo numerico vacio. Se reemplaza por 0,0
~distribuidos (2013-05-28 21:18:14)~ MENSAJE ~~~ Campo numerico vacio. Se reemplaza por 0,0
~distribuidos (2013-05-28 21:18:14)~ MENSAJE ~~~ Campo numerico vacio. Se reemplaza por 0,0
~distribuidos (2013-05-28 21:18:14)~ MENSAJE ~~~ A-6-2012-11 se proceso con exito guardando los datos correspondientes en ../procesados/PRESTAMOS.A
~distribuidos (2013-05-28 21:18:14)~ MENSAJE ~~~ Se procedera a procesar A-6-2012-12
~distribuidos (2013-05-28 21:18:14)~ MENSAJE ~~~ Campo numerico vacio. Se reemplaza por 0,0
~distribuidos (2013-05-28 21:18:14)~ MENSAJE ~~~ Campo numerico vacio. Se reemplaza por 0,0
~distribuidos (2013-05-28 21:18:14)~ MENSAJE ~~~ Campo numerico vacio. Se reemplaza por 0,0
~distribuidos (2013-05-28 21:18:14)~ MENSAJE ~~~ Campo numerico vacio. Se reemplaza por 0,0
~distribuidos (2013-05-28 21:18:14)~ MENSAJE ~~~ Campo numerico vacio. Se reemplaza por 0,0
~distribuidos (2013-05-28 21:18:14)~ MENSAJE ~~~ Campo numerico vacio. Se reemplaza por 0,0
~distribuidos (2013-05-28 21:18:14)~ MENSAJE ~~~ Campo numerico vacio. Se reemplaza por 0,0
~distribuidos (2013-05-28 21:18:14)~ MENSAJE ~~~ A-6-2012-12 se proceso con exito guardando los datos correspondientes en ../procesados/PRESTAMOS.A
~distribuidos (2013-05-28 21:18:14)~ MENSAJE ~~~ Se procedera a procesar A-7-2013-01
-distribuidos (2013-05-28 21:18:15)-  ERROR  --- Campo PRES_TI desconocido en A-7-2013-01
-distribuidos (2013-05-28 21:18:15)-  ERROR  --- Campo data14 desconocido en A-7-2013-01
-distribuidos (2013-05-28 21:18:15)-  ERROR  --- Campo data08 desconocido en A-7-2013-01
-distribuidos (2013-05-28 21:18:15)-  ERROR  --- Campo data03 desconocido en A-7-2013-01
-distribuidos (2013-05-28 21:18:15)-  ERROR  --- Campo data04 desconocido en A-7-2013-01
-distribuidos (2013-05-28 21:18:15)-  ERROR  --- Campo data07 desconocido en A-7-2013-01
-distribuidos (2013-05-28 21:18:15)-  ERROR  --- Campo PRES_TI desconocido en A-7-2013-01
-distribuidos (2013-05-28 21:18:15)-  ERROR  --- Campo data14 desconocido en A-7-2013-01
-distribuidos (2013-05-28 21:18:15)-  ERROR  --- Campo data08 desconocido en A-7-2013-01
-distribuidos (2013-05-28 21:18:15)-  ERROR  --- Campo data03 desconocido en A-7-2013-01
-distribuidos (2013-05-28 21:18:15)-  ERROR  --- Campo data04 desconocido en A-7-2013-01
-distribuidos (2013-05-28 21:18:15)-  ERROR  --- Campo data07 desconocido en A-7-2013-01
-distribuidos (2013-05-28 21:18:15)-  ERROR  --- Campo PRES_TI desconocido en A-7-2013-01
-distribuidos (2013-05-28 21:18:15)-  ERROR  --- Campo data14 desconocido en A-7-2013-01
-distribuidos (2013-05-28 21:18:15)-  ERROR  --- Campo data08 desconocido en A-7-2013-01
-distribuidos (2013-05-28 21:18:15)-  ERROR  --- Campo data03 desconocido en A-7-2013-01
-distribuidos (2013-05-28 21:18:15)-  ERROR  --- Campo data04 desconocido en A-7-2013-01
-distribuidos (2013-05-28 21:18:15)-  ERROR  --- Campo data07 desconocido en A-7-2013-01
-distribuidos (2013-05-28 21:18:15)-  ERROR  --- Campo PRES_TI desconocido en A-7-2013-01
-distribuidos (2013-05-28 21:18:15)-  ERROR  --- Campo data14 desconocido en A-7-2013-01
-distribuidos (2013-05-28 21:18:15)-  ERROR  --- Campo data08 desconocido en A-7-2013-01
-distribuidos (2013-05-28 21:18:15)-  ERROR  --- Campo data03 desconocido en A-7-2013-01
-distribuidos (2013-05-28 21:18:15)-  ERROR  --- Campo data04 desconocido en A-7-2013-01
-distribuidos (2013-05-28 21:18:15)-  ERROR  --- Campo data07 desconocido en A-7-2013-01
-distribuidos (2013-05-28 21:18:15)-  ERROR  --- Campo PRES_TI desconocido en A-7-2013-01
-distribuidos (2013-05-28 21:18:15)-  ERROR  --- Campo data14 desconocido en A-7-2013-01
-distribuidos (2013-05-28 21:18:15)-  ERROR  --- Campo data08 desconocido en A-7-2013-01
-distribuidos (2013-05-28 21:18:15)-  ERROR  --- Campo data03 desconocido en A-7-2013-01
-distribuidos (2013-05-28 21:18:15)-  ERROR  --- Campo data04 desconocido en A-7-2013-01
-distribuidos (2013-05-28 21:18:15)-  ERROR  --- Campo data07 desconocido en A-7-2013-01
-distribuidos (2013-05-28 21:18:15)-  ERROR  --- Campo PRES_TI desconocido en A-7-2013-01
-distribuidos (2013-05-28 21:18:15)-  ERROR  --- Campo data14 desconocido en A-7-2013-01
-distribuidos (2013-05-28 21:18:15)-  ERROR  --- Campo data08 desconocido en A-7-2013-01
-distribuidos (2013-05-28 21:18:15)-  ERROR  --- Campo data03 desconocido en A-7-2013-01
-distribuidos (2013-05-28 21:18:15)-  ERROR  --- Campo data04 desconocido en A-7-2013-01
-distribuidos (2013-05-28 21:18:15)-  ERROR  --- Campo data07 desconocido en A-7-2013-01
-distribuidos (2013-05-28 21:18:15)-  ERROR  --- Campo PRES_TI desconocido en A-7-2013-01
-distribuidos (2013-05-28 21:18:15)-  ERROR  --- Campo data14 desconocido en A-7-2013-01
-distribuidos (2013-05-28 21:18:15)-  ERROR  --- Campo data08 desconocido en A-7-2013-01
-distribuidos (2013-05-28 21:18:15)-  ERROR  --- Campo data03 desconocido en A-7-2013-01
-distribuidos (2013-05-28 21:18:15)-  ERROR  --- Campo data04 desconocido en A-7-2013-01
-distribuidos (2013-05-28 21:18:15)-  ERROR  --- Campo data07 desconocido en A-7-2013-01
~distribuidos (2013-05-28 21:18:15)~ MENSAJE ~~~ Campo numerico vacio. Se reemplaza por 0,0
-distribuidos (2013-05-28 21:18:15)-  ERROR  --- Campo PRES_TI desconocido en A-7-2013-01
-distribuidos (2013-05-28 21:18:15)-  ERROR  --- Campo data14 desconocido en A-7-2013-01
-distribuidos (2013-05-28 21:18:15)-  ERROR  --- Campo data08 desconocido en A-7-2013-01
-distribuidos (2013-05-28 21:18:15)-  ERROR  --- Campo data03 desconocido en A-7-2013-01
-distribuidos (2013-05-28 21:18:15)-  ERROR  --- Campo data04 desconocido en A-7-2013-01
-distribuidos (2013-05-28 21:18:15)-  ERROR  --- Campo data07 desconocido en A-7-2013-01
~distribuidos (2013-05-28 21:18:15)~ MENSAJE ~~~ Campo numerico vacio. Se reemplaza por 0,0
-distribuidos (2013-05-28 21:18:15)-  ERROR  --- Campo PRES_TI desconocido en A-7-2013-01
-distribuidos (2013-05-28 21:18:15)-  ERROR  --- Campo data14 desconocido en A-7-2013-01
-distribuidos (2013-05-28 21:18:15)-  ERROR  --- Campo data08 desconocido en A-7-2013-01
-distribuidos (2013-05-28 21:18:15)-  ERROR  --- Campo data03 desconocido en A-7-2013-01
-distribuidos (2013-05-28 21:18:15)-  ERROR  --- Campo data04 desconocido en A-7-2013-01
-distribuidos (2013-05-28 21:18:15)-  ERROR  --- Campo data07 desconocido en A-7-2013-01
~distribuidos (2013-05-28 21:18:15)~ MENSAJE ~~~ Campo numerico vacio. Se reemplaza por 0,0
-distribuidos (2013-05-28 21:18:15)-  ERROR  --- Campo PRES_TI desconocido en A-7-2013-01
-distribuidos (2013-05-28 21:18:15)-  ERROR  --- Campo data14 desconocido en A-7-2013-01
-distribuidos (2013-05-28 21:18:15)-  ERROR  --- Campo data08 desconocido en A-7-2013-01
-distribuidos (2013-05-28 21:18:15)-  ERROR  --- Campo data03 desconocido en A-7-2013-01
-distribuidos (2013-05-28 21:18:15)-  ERROR  --- Campo data04 desconocido en A-7-2013-01
-distribuidos (2013-05-28 21:18:15)-  ERROR  --- Campo data07 desconocido en A-7-2013-01
~distribuidos (2013-05-28 21:18:15)~ MENSAJE ~~~ Campo numerico vacio. Se reemplaza por 0,0
-distribuidos (2013-05-28 21:18:15)-  ERROR  --- Campo PRES_TI desconocido en A-7-2013-01
-distribuidos (2013-05-28 21:18:15)-  ERROR  --- Campo data14 desconocido en A-7-2013-01
-distribuidos (2013-05-28 21:18:15)-  ERROR  --- Campo data08 desconocido en A-7-2013-01
-distribuidos (2013-05-28 21:18:15)-  ERROR  --- Campo data03 desconocido en A-7-2013-01
-distribuidos (2013-05-28 21:18:15)-  ERROR  --- Campo data04 desconocido en A-7-2013-01
-distribuidos (2013-05-28 21:18:15)-  ERROR  --- Campo data07 desconocido en A-7-2013-01
-distribuidos (2013-05-28 21:18:15)-  ERROR  --- Campo PRES_TI desconocido en A-7-2013-01
-distribuidos (2013-05-28 21:18:15)-  ERROR  --- Campo data14 desconocido en A-7-2013-01
-distribuidos (2013-05-28 21:18:15)-  ERROR  --- Campo data08 desconocido en A-7-2013-01
-distribuidos (2013-05-28 21:18:15)-  ERROR  --- Campo data03 desconocido en A-7-2013-01
-distribuidos (2013-05-28 21:18:16)-  ERROR  --- Campo data04 desconocido en A-7-2013-01
-distribuidos (2013-05-28 21:18:16)-  ERROR  --- Campo data07 desconocido en A-7-2013-01
-distribuidos (2013-05-28 21:18:16)-  ERROR  --- Campo PRES_TI desconocido en A-7-2013-01
-distribuidos (2013-05-28 21:18:16)-  ERROR  --- Campo data14 desconocido en A-7-2013-01
-distribuidos (2013-05-28 21:18:16)-  ERROR  --- Campo data08 desconocido en A-7-2013-01
-distribuidos (2013-05-28 21:18:16)-  ERROR  --- Campo data03 desconocido en A-7-2013-01
-distribuidos (2013-05-28 21:18:16)-  ERROR  --- Campo data04 desconocido en A-7-2013-01
-distribuidos (2013-05-28 21:18:16)-  ERROR  --- Campo data07 desconocido en A-7-2013-01
-distribuidos (2013-05-28 21:18:16)-  ERROR  --- Campo PRES_TI desconocido en A-7-2013-01
-distribuidos (2013-05-28 21:18:16)-  ERROR  --- Campo data14 desconocido en A-7-2013-01
-distribuidos (2013-05-28 21:18:16)-  ERROR  --- Campo data08 desconocido en A-7-2013-01
-distribuidos (2013-05-28 21:18:16)-  ERROR  --- Campo data03 desconocido en A-7-2013-01
-distribuidos (2013-05-28 21:18:16)-  ERROR  --- Campo data04 desconocido en A-7-2013-01
-distribuidos (2013-05-28 21:18:16)-  ERROR  --- Campo data07 desconocido en A-7-2013-01
-distribuidos (2013-05-28 21:18:16)-  ERROR  --- Campo PRES_TI desconocido en A-7-2013-01
-distribuidos (2013-05-28 21:18:16)-  ERROR  --- Campo data14 desconocido en A-7-2013-01
-distribuidos (2013-05-28 21:18:16)-  ERROR  --- Campo data08 desconocido en A-7-2013-01
-distribuidos (2013-05-28 21:18:16)-  ERROR  --- Campo data03 desconocido en A-7-2013-01
-distribuidos (2013-05-28 21:18:16)-  ERROR  --- Campo data04 desconocido en A-7-2013-01
-distribuidos (2013-05-28 21:18:16)-  ERROR  --- Campo data07 desconocido en A-7-2013-01
-distribuidos (2013-05-28 21:18:16)-  ERROR  --- Campo PRES_TI desconocido en A-7-2013-01
-distribuidos (2013-05-28 21:18:16)-  ERROR  --- Campo data14 desconocido en A-7-2013-01
-distribuidos (2013-05-28 21:18:16)-  ERROR  --- Campo data08 desconocido en A-7-2013-01
-distribuidos (2013-05-28 21:18:16)-  ERROR  --- Campo data03 desconocido en A-7-2013-01
-distribuidos (2013-05-28 21:18:16)-  ERROR  --- Campo data04 desconocido en A-7-2013-01
-distribuidos (2013-05-28 21:18:16)-  ERROR  --- Campo data07 desconocido en A-7-2013-01
-distribuidos (2013-05-28 21:18:16)-  ERROR  --- Campo PRES_TI desconocido en A-7-2013-01
-distribuidos (2013-05-28 21:18:16)-  ERROR  --- Campo data14 desconocido en A-7-2013-01
-distribuidos (2013-05-28 21:18:16)-  ERROR  --- Campo data08 desconocido en A-7-2013-01
-distribuidos (2013-05-28 21:18:16)-  ERROR  --- Campo data03 desconocido en A-7-2013-01
-distribuidos (2013-05-28 21:18:16)-  ERROR  --- Campo data04 desconocido en A-7-2013-01
-distribuidos (2013-05-28 21:18:16)-  ERROR  --- Campo data07 desconocido en A-7-2013-01
~distribuidos (2013-05-28 21:18:16)~ MENSAJE ~~~ A-7-2013-01 se proceso con exito guardando los datos correspondientes en ../procesados/PRESTAMOS.A
~distribuidos (2013-05-28 21:18:16)~ MENSAJE ~~~ Se procedera a procesar A-7-2013-02
-distribuidos (2013-05-28 21:18:16)-  ERROR  --- Campo PRES_TI desconocido en A-7-2013-02
-distribuidos (2013-05-28 21:18:16)-  ERROR  --- Campo data14 desconocido en A-7-2013-02
-distribuidos (2013-05-28 21:18:16)-  ERROR  --- Campo data08 desconocido en A-7-2013-02
-distribuidos (2013-05-28 21:18:16)-  ERROR  --- Campo data03 desconocido en A-7-2013-02
-distribuidos (2013-05-28 21:18:16)-  ERROR  --- Campo data04 desconocido en A-7-2013-02
-distribuidos (2013-05-28 21:18:16)-  ERROR  --- Campo data07 desconocido en A-7-2013-02
-distribuidos (2013-05-28 21:18:16)-  ERROR  --- Campo PRES_TI desconocido en A-7-2013-02
-distribuidos (2013-05-28 21:18:16)-  ERROR  --- Campo data14 desconocido en A-7-2013-02
-distribuidos (2013-05-28 21:18:16)-  ERROR  --- Campo data08 desconocido en A-7-2013-02
-distribuidos (2013-05-28 21:18:16)-  ERROR  --- Campo data03 desconocido en A-7-2013-02
-distribuidos (2013-05-28 21:18:16)-  ERROR  --- Campo data04 desconocido en A-7-2013-02
-distribuidos (2013-05-28 21:18:16)-  ERROR  --- Campo data07 desconocido en A-7-2013-02
-distribuidos (2013-05-28 21:18:16)-  ERROR  --- Campo PRES_TI desconocido en A-7-2013-02
-distribuidos (2013-05-28 21:18:16)-  ERROR  --- Campo data14 desconocido en A-7-2013-02
-distribuidos (2013-05-28 21:18:16)-  ERROR  --- Campo data08 desconocido en A-7-2013-02
-distribuidos (2013-05-28 21:18:16)-  ERROR  --- Campo data03 desconocido en A-7-2013-02
-distribuidos (2013-05-28 21:18:16)-  ERROR  --- Campo data04 desconocido en A-7-2013-02
-distribuidos (2013-05-28 21:18:16)-  ERROR  --- Campo data07 desconocido en A-7-2013-02
-distribuidos (2013-05-28 21:18:16)-  ERROR  --- Campo PRES_TI desconocido en A-7-2013-02
-distribuidos (2013-05-28 21:18:16)-  ERROR  --- Campo data14 desconocido en A-7-2013-02
-distribuidos (2013-05-28 21:18:16)-  ERROR  --- Campo data08 desconocido en A-7-2013-02
-distribuidos (2013-05-28 21:18:16)-  ERROR  --- Campo data03 desconocido en A-7-2013-02
-distribuidos (2013-05-28 21:18:16)-  ERROR  --- Campo data04 desconocido en A-7-2013-02
-distribuidos (2013-05-28 21:18:16)-  ERROR  --- Campo data07 desconocido en A-7-2013-02
-distribuidos (2013-05-28 21:18:16)-  ERROR  --- Campo PRES_TI desconocido en A-7-2013-02
-distribuidos (2013-05-28 21:18:16)-  ERROR  --- Campo data14 desconocido en A-7-2013-02
-distribuidos (2013-05-28 21:18:16)-  ERROR  --- Campo data08 desconocido en A-7-2013-02
-distribuidos (2013-05-28 21:18:16)-  ERROR  --- Campo data03 desconocido en A-7-2013-02
-distribuidos (2013-05-28 21:18:16)-  ERROR  --- Campo data04 desconocido en A-7-2013-02
-distribuidos (2013-05-28 21:18:16)-  ERROR  --- Campo data07 desconocido en A-7-2013-02
-distribuidos (2013-05-28 21:18:17)-  ERROR  --- Campo PRES_TI desconocido en A-7-2013-02
-distribuidos (2013-05-28 21:18:17)-  ERROR  --- Campo data14 desconocido en A-7-2013-02
-distribuidos (2013-05-28 21:18:17)-  ERROR  --- Campo data08 desconocido en A-7-2013-02
-distribuidos (2013-05-28 21:18:17)-  ERROR  --- Campo data03 desconocido en A-7-2013-02
-distribuidos (2013-05-28 21:18:17)-  ERROR  --- Campo data04 desconocido en A-7-2013-02
-distribuidos (2013-05-28 21:18:17)-  ERROR  --- Campo data07 desconocido en A-7-2013-02
-distribuidos (2013-05-28 21:18:17)-  ERROR  --- Campo PRES_TI desconocido en A-7-2013-02
-distribuidos (2013-05-28 21:18:17)-  ERROR  --- Campo data14 desconocido en A-7-2013-02
-distribuidos (2013-05-28 21:18:17)-  ERROR  --- Campo data08 desconocido en A-7-2013-02
-distribuidos (2013-05-28 21:18:17)-  ERROR  --- Campo data03 desconocido en A-7-2013-02
-distribuidos (2013-05-28 21:18:17)-  ERROR  --- Campo data04 desconocido en A-7-2013-02
-distribuidos (2013-05-28 21:18:17)-  ERROR  --- Campo data07 desconocido en A-7-2013-02
-distribuidos (2013-05-28 21:18:17)-  ERROR  --- Campo PRES_TI desconocido en A-7-2013-02
-distribuidos (2013-05-28 21:18:17)-  ERROR  --- Campo data14 desconocido en A-7-2013-02
-distribuidos (2013-05-28 21:18:17)-  ERROR  --- Campo data08 desconocido en A-7-2013-02
-distribuidos (2013-05-28 21:18:17)-  ERROR  --- Campo data03 desconocido en A-7-2013-02
-distribuidos (2013-05-28 21:18:17)-  ERROR  --- Campo data04 desconocido en A-7-2013-02
-distribuidos (2013-05-28 21:18:17)-  ERROR  --- Campo data07 desconocido en A-7-2013-02
-distribuidos (2013-05-28 21:18:17)-  ERROR  --- Campo PRES_TI desconocido en A-7-2013-02
-distribuidos (2013-05-28 21:18:17)-  ERROR  --- Campo data14 desconocido en A-7-2013-02
-distribuidos (2013-05-28 21:18:17)-  ERROR  --- Campo data08 desconocido en A-7-2013-02
-distribuidos (2013-05-28 21:18:17)-  ERROR  --- Campo data03 desconocido en A-7-2013-02
-distribuidos (2013-05-28 21:18:17)-  ERROR  --- Campo data04 desconocido en A-7-2013-02
-distribuidos (2013-05-28 21:18:17)-  ERROR  --- Campo data07 desconocido en A-7-2013-02
-distribuidos (2013-05-28 21:18:17)-  ERROR  --- Campo PRES_TI desconocido en A-7-2013-02
-distribuidos (2013-05-28 21:18:17)-  ERROR  --- Campo data14 desconocido en A-7-2013-02
-distribuidos (2013-05-28 21:18:17)-  ERROR  --- Campo data08 desconocido en A-7-2013-02
-distribuidos (2013-05-28 21:18:17)-  ERROR  --- Campo data03 desconocido en A-7-2013-02
-distribuidos (2013-05-28 21:18:17)-  ERROR  --- Campo data04 desconocido en A-7-2013-02
-distribuidos (2013-05-28 21:18:17)-  ERROR  --- Campo data07 desconocido en A-7-2013-02
-distribuidos (2013-05-28 21:18:17)-  ERROR  --- Campo PRES_TI desconocido en A-7-2013-02
-distribuidos (2013-05-28 21:18:17)-  ERROR  --- Campo data14 desconocido en A-7-2013-02
-distribuidos (2013-05-28 21:18:17)-  ERROR  --- Campo data08 desconocido en A-7-2013-02
-distribuidos (2013-05-28 21:18:17)-  ERROR  --- Campo data03 desconocido en A-7-2013-02
-distribuidos (2013-05-28 21:18:17)-  ERROR  --- Campo data04 desconocido en A-7-2013-02
-distribuidos (2013-05-28 21:18:17)-  ERROR  --- Campo data07 desconocido en A-7-2013-02
-distribuidos (2013-05-28 21:18:17)-  ERROR  --- Campo PRES_TI desconocido en A-7-2013-02
-distribuidos (2013-05-28 21:18:17)-  ERROR  --- Campo data14 desconocido en A-7-2013-02
-distribuidos (2013-05-28 21:18:17)-  ERROR  --- Campo data08 desconocido en A-7-2013-02
-distribuidos (2013-05-28 21:18:17)-  ERROR  --- Campo data03 desconocido en A-7-2013-02
-distribuidos (2013-05-28 21:18:17)-  ERROR  --- Campo data04 desconocido en A-7-2013-02
-distribuidos (2013-05-28 21:18:17)-  ERROR  --- Campo data07 desconocido en A-7-2013-02
~distribuidos (2013-05-28 21:18:17)~ MENSAJE ~~~ Campo numerico vacio. Se reemplaza por 0,0
-distribuidos (2013-05-28 21:18:17)-  ERROR  --- Campo PRES_TI desconocido en A-7-2013-02
-distribuidos (2013-05-28 21:18:17)-  ERROR  --- Campo data14 desconocido en A-7-2013-02
-distribuidos (2013-05-28 21:18:17)-  ERROR  --- Campo data08 desconocido en A-7-2013-02
-distribuidos (2013-05-28 21:18:17)-  ERROR  --- Campo data03 desconocido en A-7-2013-02
-distribuidos (2013-05-28 21:18:17)-  ERROR  --- Campo data04 desconocido en A-7-2013-02
-distribuidos (2013-05-28 21:18:17)-  ERROR  --- Campo data07 desconocido en A-7-2013-02
~distribuidos (2013-05-28 21:18:17)~ MENSAJE ~~~ Campo numerico vacio. Se reemplaza por 0,0
-distribuidos (2013-05-28 21:18:17)-  ERROR  --- Campo PRES_TI desconocido en A-7-2013-02
-distribuidos (2013-05-28 21:18:17)-  ERROR  --- Campo data14 desconocido en A-7-2013-02
-distribuidos (2013-05-28 21:18:17)-  ERROR  --- Campo data08 desconocido en A-7-2013-02
-distribuidos (2013-05-28 21:18:17)-  ERROR  --- Campo data03 desconocido en A-7-2013-02
-distribuidos (2013-05-28 21:18:17)-  ERROR  --- Campo data04 desconocido en A-7-2013-02
-distribuidos (2013-05-28 21:18:17)-  ERROR  --- Campo data07 desconocido en A-7-2013-02
~distribuidos (2013-05-28 21:18:17)~ MENSAJE ~~~ Campo numerico vacio. Se reemplaza por 0,0
-distribuidos (2013-05-28 21:18:17)-  ERROR  --- Campo PRES_TI desconocido en A-7-2013-02
-distribuidos (2013-05-28 21:18:17)-  ERROR  --- Campo data14 desconocido en A-7-2013-02
-distribuidos (2013-05-28 21:18:17)-  ERROR  --- Campo data08 desconocido en A-7-2013-02
-distribuidos (2013-05-28 21:18:17)-  ERROR  --- Campo data03 desconocido en A-7-2013-02
-distribuidos (2013-05-28 21:18:17)-  ERROR  --- Campo data04 desconocido en A-7-2013-02
-distribuidos (2013-05-28 21:18:17)-  ERROR  --- Campo data07 desconocido en A-7-2013-02
~distribuidos (2013-05-28 21:18:17)~ MENSAJE ~~~ Campo numerico vacio. Se reemplaza por 0,0
-distribuidos (2013-05-28 21:18:17)-  ERROR  --- Campo PRES_TI desconocido en A-7-2013-02
-distribuidos (2013-05-28 21:18:17)-  ERROR  --- Campo data14 desconocido en A-7-2013-02
-distribuidos (2013-05-28 21:18:17)-  ERROR  --- Campo data08 desconocido en A-7-2013-02
-distribuidos (2013-05-28 21:18:17)-  ERROR  --- Campo data03 desconocido en A-7-2013-02
-distribuidos (2013-05-28 21:18:17)-  ERROR  --- Campo data04 desconocido en A-7-2013-02
-distribuidos (2013-05-28 21:18:17)-  ERROR  --- Campo data07 desconocido en A-7-2013-02
~distribuidos (2013-05-28 21:18:17)~ MENSAJE ~~~ Campo numerico vacio. Se reemplaza por 0,0
-distribuidos (2013-05-28 21:18:17)-  ERROR  --- Campo PRES_TI desconocido en A-7-2013-02
-distribuidos (2013-05-28 21:18:17)-  ERROR  --- Campo data14 desconocido en A-7-2013-02
-distribuidos (2013-05-28 21:18:17)-  ERROR  --- Campo data08 desconocido en A-7-2013-02
-distribuidos (2013-05-28 21:18:17)-  ERROR  --- Campo data03 desconocido en A-7-2013-02
-distribuidos (2013-05-28 21:18:17)-  ERROR  --- Campo data04 desconocido en A-7-2013-02
-distribuidos (2013-05-28 21:18:17)-  ERROR  --- Campo data07 desconocido en A-7-2013-02
~distribuidos (2013-05-28 21:18:17)~ MENSAJE ~~~ A-7-2013-02 se proceso con exito guardando los datos correspondientes en ../procesados/PRESTAMOS.A
~distribuidos (2013-05-28 21:18:17)~ MENSAJE ~~~ Se procedera a procesar A-7-2013-03
~distribuidos (2013-05-28 21:18:18)~ MENSAJE ~~~ Campo numerico vacio. Se reemplaza por 0,0
-distribuidos (2013-05-28 21:18:18)-  ERROR  --- Campo PRES_TI desconocido en A-7-2013-03
-distribuidos (2013-05-28 21:18:18)-  ERROR  --- Campo data14 desconocido en A-7-2013-03
-distribuidos (2013-05-28 21:18:18)-  ERROR  --- Campo data08 desconocido en A-7-2013-03
-distribuidos (2013-05-28 21:18:18)-  ERROR  --- Campo data03 desconocido en A-7-2013-03
-distribuidos (2013-05-28 21:18:18)-  ERROR  --- Campo data04 desconocido en A-7-2013-03
-distribuidos (2013-05-28 21:18:18)-  ERROR  --- Campo data07 desconocido en A-7-2013-03
~distribuidos (2013-05-28 21:18:18)~ MENSAJE ~~~ Campo numerico vacio. Se reemplaza por 0,0
-distribuidos (2013-05-28 21:18:18)-  ERROR  --- Campo PRES_TI desconocido en A-7-2013-03
-distribuidos (2013-05-28 21:18:18)-  ERROR  --- Campo data14 desconocido en A-7-2013-03
-distribuidos (2013-05-28 21:18:18)-  ERROR  --- Campo data08 desconocido en A-7-2013-03
-distribuidos (2013-05-28 21:18:18)-  ERROR  --- Campo data03 desconocido en A-7-2013-03
-distribuidos (2013-05-28 21:18:18)-  ERROR  --- Campo data04 desconocido en A-7-2013-03
-distribuidos (2013-05-28 21:18:18)-  ERROR  --- Campo data07 desconocido en A-7-2013-03
~distribuidos (2013-05-28 21:18:18)~ MENSAJE ~~~ Campo numerico vacio. Se reemplaza por 0,0
-distribuidos (2013-05-28 21:18:18)-  ERROR  --- Campo PRES_TI desconocido en A-7-2013-03
-distribuidos (2013-05-28 21:18:18)-  ERROR  --- Campo data14 desconocido en A-7-2013-03
-distribuidos (2013-05-28 21:18:18)-  ERROR  --- Campo data08 desconocido en A-7-2013-03
-distribuidos (2013-05-28 21:18:18)-  ERROR  --- Campo data03 desconocido en A-7-2013-03
-distribuidos (2013-05-28 21:18:18)-  ERROR  --- Campo data04 desconocido en A-7-2013-03
-distribuidos (2013-05-28 21:18:18)-  ERROR  --- Campo data07 desconocido en A-7-2013-03
~distribuidos (2013-05-28 21:18:18)~ MENSAJE ~~~ Campo numerico vacio. Se reemplaza por 0,0
-distribuidos (2013-05-28 21:18:18)-  ERROR  --- Campo PRES_TI desconocido en A-7-2013-03
-distribuidos (2013-05-28 21:18:18)-  ERROR  --- Campo data14 desconocido en A-7-2013-03
-distribuidos (2013-05-28 21:18:18)-  ERROR  --- Campo data08 desconocido en A-7-2013-03
-distribuidos (2013-05-28 21:18:18)-  ERROR  --- Campo data03 desconocido en A-7-2013-03
-distribuidos (2013-05-28 21:18:18)-  ERROR  --- Campo data04 desconocido en A-7-2013-03
-distribuidos (2013-05-28 21:18:18)-  ERROR  --- Campo data07 desconocido en A-7-2013-03
-distribuidos (2013-05-28 21:18:18)-  ERROR  --- Campo PRES_TI desconocido en A-7-2013-03
-distribuidos (2013-05-28 21:18:18)-  ERROR  --- Campo data14 desconocido en A-7-2013-03
-distribuidos (2013-05-28 21:18:18)-  ERROR  --- Campo data08 desconocido en A-7-2013-03
-distribuidos (2013-05-28 21:18:18)-  ERROR  --- Campo data03 desconocido en A-7-2013-03
-distribuidos (2013-05-28 21:18:18)-  ERROR  --- Campo data04 desconocido en A-7-2013-03
-distribuidos (2013-05-28 21:18:18)-  ERROR  --- Campo data07 desconocido en A-7-2013-03
-distribuidos (2013-05-28 21:18:18)-  ERROR  --- Campo PRES_TI desconocido en A-7-2013-03
-distribuidos (2013-05-28 21:18:18)-  ERROR  --- Campo data14 desconocido en A-7-2013-03
-distribuidos (2013-05-28 21:18:18)-  ERROR  --- Campo data08 desconocido en A-7-2013-03
-distribuidos (2013-05-28 21:18:18)-  ERROR  --- Campo data03 desconocido en A-7-2013-03
-distribuidos (2013-05-28 21:18:18)-  ERROR  --- Campo data04 desconocido en A-7-2013-03
-distribuidos (2013-05-28 21:18:18)-  ERROR  --- Campo data07 desconocido en A-7-2013-03
-distribuidos (2013-05-28 21:18:18)-  ERROR  --- Campo PRES_TI desconocido en A-7-2013-03
-distribuidos (2013-05-28 21:18:18)-  ERROR  --- Campo data14 desconocido en A-7-2013-03
-distribuidos (2013-05-28 21:18:18)-  ERROR  --- Campo data08 desconocido en A-7-2013-03
-distribuidos (2013-05-28 21:18:18)-  ERROR  --- Campo data03 desconocido en A-7-2013-03
-distribuidos (2013-05-28 21:18:18)-  ERROR  --- Campo data04 desconocido en A-7-2013-03
-distribuidos (2013-05-28 21:18:18)-  ERROR  --- Campo data07 desconocido en A-7-2013-03
-distribuidos (2013-05-28 21:18:18)-  ERROR  --- Campo PRES_TI desconocido en A-7-2013-03
-distribuidos (2013-05-28 21:18:18)-  ERROR  --- Campo data14 desconocido en A-7-2013-03
-distribuidos (2013-05-28 21:18:18)-  ERROR  --- Campo data08 desconocido en A-7-2013-03
-distribuidos (2013-05-28 21:18:18)-  ERROR  --- Campo data03 desconocido en A-7-2013-03
-distribuidos (2013-05-28 21:18:18)-  ERROR  --- Campo data04 desconocido en A-7-2013-03
-distribuidos (2013-05-28 21:18:18)-  ERROR  --- Campo data07 desconocido en A-7-2013-03
-distribuidos (2013-05-28 21:18:18)-  ERROR  --- Campo PRES_TI desconocido en A-7-2013-03
-distribuidos (2013-05-28 21:18:18)-  ERROR  --- Campo data14 desconocido en A-7-2013-03
-distribuidos (2013-05-28 21:18:18)-  ERROR  --- Campo data08 desconocido en A-7-2013-03
-distribuidos (2013-05-28 21:18:18)-  ERROR  --- Campo data03 desconocido en A-7-2013-03
-distribuidos (2013-05-28 21:18:18)-  ERROR  --- Campo data04 desconocido en A-7-2013-03
-distribuidos (2013-05-28 21:18:18)-  ERROR  --- Campo data07 desconocido en A-7-2013-03
-distribuidos (2013-05-28 21:18:18)-  ERROR  --- Campo PRES_TI desconocido en A-7-2013-03
-distribuidos (2013-05-28 21:18:18)-  ERROR  --- Campo data14 desconocido en A-7-2013-03
-distribuidos (2013-05-28 21:18:18)-  ERROR  --- Campo data08 desconocido en A-7-2013-03
-distribuidos (2013-05-28 21:18:18)-  ERROR  --- Campo data03 desconocido en A-7-2013-03
-distribuidos (2013-05-28 21:18:18)-  ERROR  --- Campo data04 desconocido en A-7-2013-03
-distribuidos (2013-05-28 21:18:18)-  ERROR  --- Campo data07 desconocido en A-7-2013-03
-distribuidos (2013-05-28 21:18:19)-  ERROR  --- Campo PRES_TI desconocido en A-7-2013-03
-distribuidos (2013-05-28 21:18:19)-  ERROR  --- Campo data14 desconocido en A-7-2013-03
-distribuidos (2013-05-28 21:18:19)-  ERROR  --- Campo data08 desconocido en A-7-2013-03
-distribuidos (2013-05-28 21:18:19)-  ERROR  --- Campo data03 desconocido en A-7-2013-03
-distribuidos (2013-05-28 21:18:19)-  ERROR  --- Campo data04 desconocido en A-7-2013-03
-distribuidos (2013-05-28 21:18:19)-  ERROR  --- Campo data07 desconocido en A-7-2013-03
-distribuidos (2013-05-28 21:18:19)-  ERROR  --- Campo PRES_TI desconocido en A-7-2013-03
-distribuidos (2013-05-28 21:18:19)-  ERROR  --- Campo data14 desconocido en A-7-2013-03
-distribuidos (2013-05-28 21:18:19)-  ERROR  --- Campo data08 desconocido en A-7-2013-03
-distribuidos (2013-05-28 21:18:19)-  ERROR  --- Campo data03 desconocido en A-7-2013-03
-distribuidos (2013-05-28 21:18:19)-  ERROR  --- Campo data04 desconocido en A-7-2013-03
-distribuidos (2013-05-28 21:18:19)-  ERROR  --- Campo data07 desconocido en A-7-2013-03
~distribuidos (2013-05-28 21:18:19)~ MENSAJE ~~~ Campo numerico vacio. Se reemplaza por 0,0
-distribuidos (2013-05-28 21:18:19)-  ERROR  --- Campo PRES_TI desconocido en A-7-2013-03
-distribuidos (2013-05-28 21:18:19)-  ERROR  --- Campo data14 desconocido en A-7-2013-03
-distribuidos (2013-05-28 21:18:19)-  ERROR  --- Campo data08 desconocido en A-7-2013-03
-distribuidos (2013-05-28 21:18:19)-  ERROR  --- Campo data03 desconocido en A-7-2013-03
-distribuidos (2013-05-28 21:18:19)-  ERROR  --- Campo data04 desconocido en A-7-2013-03
-distribuidos (2013-05-28 21:18:19)-  ERROR  --- Campo data07 desconocido en A-7-2013-03
~distribuidos (2013-05-28 21:18:19)~ MENSAJE ~~~ Campo numerico vacio. Se reemplaza por 0,0
-distribuidos (2013-05-28 21:18:19)-  ERROR  --- Campo PRES_TI desconocido en A-7-2013-03
-distribuidos (2013-05-28 21:18:19)-  ERROR  --- Campo data14 desconocido en A-7-2013-03
-distribuidos (2013-05-28 21:18:19)-  ERROR  --- Campo data08 desconocido en A-7-2013-03
-distribuidos (2013-05-28 21:18:19)-  ERROR  --- Campo data03 desconocido en A-7-2013-03
-distribuidos (2013-05-28 21:18:19)-  ERROR  --- Campo data04 desconocido en A-7-2013-03
-distribuidos (2013-05-28 21:18:19)-  ERROR  --- Campo data07 desconocido en A-7-2013-03
~distribuidos (2013-05-28 21:18:19)~ MENSAJE ~~~ Campo numerico vacio. Se reemplaza por 0,0
-distribuidos (2013-05-28 21:18:19)-  ERROR  --- Campo PRES_TI desconocido en A-7-2013-03
-distribuidos (2013-05-28 21:18:19)-  ERROR  --- Campo data14 desconocido en A-7-2013-03
-distribuidos (2013-05-28 21:18:19)-  ERROR  --- Campo data08 desconocido en A-7-2013-03
-distribuidos (2013-05-28 21:18:19)-  ERROR  --- Campo data03 desconocido en A-7-2013-03
-distribuidos (2013-05-28 21:18:19)-  ERROR  --- Campo data04 desconocido en A-7-2013-03
-distribuidos (2013-05-28 21:18:19)-  ERROR  --- Campo data07 desconocido en A-7-2013-03
~distribuidos (2013-05-28 21:18:19)~ MENSAJE ~~~ Campo numerico vacio. Se reemplaza por 0,0
-distribuidos (2013-05-28 21:18:19)-  ERROR  --- Campo PRES_TI desconocido en A-7-2013-03
-distribuidos (2013-05-28 21:18:19)-  ERROR  --- Campo data14 desconocido en A-7-2013-03
-distribuidos (2013-05-28 21:18:19)-  ERROR  --- Campo data08 desconocido en A-7-2013-03
-distribuidos (2013-05-28 21:18:19)-  ERROR  --- Campo data03 desconocido en A-7-2013-03
-distribuidos (2013-05-28 21:18:19)-  ERROR  --- Campo data04 desconocido en A-7-2013-03
-distribuidos (2013-05-28 21:18:19)-  ERROR  --- Campo data07 desconocido en A-7-2013-03
~distribuidos (2013-05-28 21:18:19)~ MENSAJE ~~~ Campo numerico vacio. Se reemplaza por 0,0
-distribuidos (2013-05-28 21:18:19)-  ERROR  --- Campo PRES_TI desconocido en A-7-2013-03
-distribuidos (2013-05-28 21:18:19)-  ERROR  --- Campo data14 desconocido en A-7-2013-03
-distribuidos (2013-05-28 21:18:19)-  ERROR  --- Campo data08 desconocido en A-7-2013-03
-distribuidos (2013-05-28 21:18:19)-  ERROR  --- Campo data03 desconocido en A-7-2013-03
-distribuidos (2013-05-28 21:18:19)-  ERROR  --- Campo data04 desconocido en A-7-2013-03
-distribuidos (2013-05-28 21:18:19)-  ERROR  --- Campo data07 desconocido en A-7-2013-03
~distribuidos (2013-05-28 21:18:19)~ MENSAJE ~~~ A-7-2013-03 se proceso con exito guardando los datos correspondientes en ../procesados/PRESTAMOS.A
~distribuidos (2013-05-28 21:18:19)~ MENSAJE ~~~ Se procedera a procesar A-7-2013-04
~distribuidos (2013-05-28 21:18:19)~ MENSAJE ~~~ Campo numerico vacio. Se reemplaza por 0,0
-distribuidos (2013-05-28 21:18:19)-  ERROR  --- Campo PRES_TI desconocido en A-7-2013-04
-distribuidos (2013-05-28 21:18:19)-  ERROR  --- Campo data14 desconocido en A-7-2013-04
-distribuidos (2013-05-28 21:18:19)-  ERROR  --- Campo data08 desconocido en A-7-2013-04
-distribuidos (2013-05-28 21:18:19)-  ERROR  --- Campo data03 desconocido en A-7-2013-04
-distribuidos (2013-05-28 21:18:19)-  ERROR  --- Campo data04 desconocido en A-7-2013-04
-distribuidos (2013-05-28 21:18:19)-  ERROR  --- Campo data07 desconocido en A-7-2013-04
~distribuidos (2013-05-28 21:18:19)~ MENSAJE ~~~ Campo numerico vacio. Se reemplaza por 0,0
-distribuidos (2013-05-28 21:18:19)-  ERROR  --- Campo PRES_TI desconocido en A-7-2013-04
-distribuidos (2013-05-28 21:18:19)-  ERROR  --- Campo data14 desconocido en A-7-2013-04
-distribuidos (2013-05-28 21:18:19)-  ERROR  --- Campo data08 desconocido en A-7-2013-04
-distribuidos (2013-05-28 21:18:19)-  ERROR  --- Campo data03 desconocido en A-7-2013-04
-distribuidos (2013-05-28 21:18:19)-  ERROR  --- Campo data04 desconocido en A-7-2013-04
-distribuidos (2013-05-28 21:18:19)-  ERROR  --- Campo data07 desconocido en A-7-2013-04
-distribuidos (2013-05-28 21:18:19)-  ERROR  --- Campo PRES_TI desconocido en A-7-2013-04
-distribuidos (2013-05-28 21:18:19)-  ERROR  --- Campo data14 desconocido en A-7-2013-04
-distribuidos (2013-05-28 21:18:19)-  ERROR  --- Campo data08 desconocido en A-7-2013-04
-distribuidos (2013-05-28 21:18:19)-  ERROR  --- Campo data03 desconocido en A-7-2013-04
-distribuidos (2013-05-28 21:18:19)-  ERROR  --- Campo data04 desconocido en A-7-2013-04
-distribuidos (2013-05-28 21:18:19)-  ERROR  --- Campo data07 desconocido en A-7-2013-04
~distribuidos (2013-05-28 21:18:19)~ MENSAJE ~~~ A-7-2013-04 se proceso con exito guardando los datos correspondientes en ../procesados/PRESTAMOS.A
~distribuidos (2013-05-28 21:18:19)~ MENSAJE ~~~ Finaliza el interprete
~distribuidos (2013-05-28 21:25:12)~ MENSAJE ~~~ Se inicializa el interprete con 6 archivos.
~distribuidos (2013-05-28 21:25:12)~ MENSAJE ~~~ Se procedera a procesar C-6-2012-07
-distribuidos (2013-05-28 21:25:12)-  ERROR  --- Campo data10 desconocido en C-6-2012-07
-distribuidos (2013-05-28 21:25:12)-  ERROR  --- Campo data04 desconocido en C-6-2012-07
-distribuidos (2013-05-28 21:25:12)-  ERROR  --- Campo data05 desconocido en C-6-2012-07
-distribuidos (2013-05-28 21:25:12)-  ERROR  --- Campo data10 desconocido en C-6-2012-07
-distribuidos (2013-05-28 21:25:12)-  ERROR  --- Campo data04 desconocido en C-6-2012-07
-distribuidos (2013-05-28 21:25:12)-  ERROR  --- Campo data05 desconocido en C-6-2012-07
-distribuidos (2013-05-28 21:25:12)-  ERROR  --- Campo data10 desconocido en C-6-2012-07
-distribuidos (2013-05-28 21:25:12)-  ERROR  --- Campo data04 desconocido en C-6-2012-07
-distribuidos (2013-05-28 21:25:12)-  ERROR  --- Campo data05 desconocido en C-6-2012-07
-distribuidos (2013-05-28 21:25:12)-  ERROR  --- Campo data10 desconocido en C-6-2012-07
-distribuidos (2013-05-28 21:25:12)-  ERROR  --- Campo data04 desconocido en C-6-2012-07
-distribuidos (2013-05-28 21:25:12)-  ERROR  --- Campo data05 desconocido en C-6-2012-07
-distribuidos (2013-05-28 21:25:12)-  ERROR  --- Campo data10 desconocido en C-6-2012-07
-distribuidos (2013-05-28 21:25:12)-  ERROR  --- Campo data04 desconocido en C-6-2012-07
-distribuidos (2013-05-28 21:25:12)-  ERROR  --- Campo data05 desconocido en C-6-2012-07
-distribuidos (2013-05-28 21:25:12)-  ERROR  --- Campo data10 desconocido en C-6-2012-07
-distribuidos (2013-05-28 21:25:12)-  ERROR  --- Campo data04 desconocido en C-6-2012-07
-distribuidos (2013-05-28 21:25:12)-  ERROR  --- Campo data05 desconocido en C-6-2012-07
-distribuidos (2013-05-28 21:25:12)-  ERROR  --- Campo data10 desconocido en C-6-2012-07
-distribuidos (2013-05-28 21:25:12)-  ERROR  --- Campo data04 desconocido en C-6-2012-07
-distribuidos (2013-05-28 21:25:12)-  ERROR  --- Campo data05 desconocido en C-6-2012-07
-distribuidos (2013-05-28 21:25:12)-  ERROR  --- Campo data10 desconocido en C-6-2012-07
-distribuidos (2013-05-28 21:25:12)-  ERROR  --- Campo data04 desconocido en C-6-2012-07
-distribuidos (2013-05-28 21:25:12)-  ERROR  --- Campo data05 desconocido en C-6-2012-07
-distribuidos (2013-05-28 21:25:12)-  ERROR  --- Campo data10 desconocido en C-6-2012-07
-distribuidos (2013-05-28 21:25:12)-  ERROR  --- Campo data04 desconocido en C-6-2012-07
-distribuidos (2013-05-28 21:25:12)-  ERROR  --- Campo data05 desconocido en C-6-2012-07
-distribuidos (2013-05-28 21:25:12)-  ERROR  --- Campo data10 desconocido en C-6-2012-07
-distribuidos (2013-05-28 21:25:12)-  ERROR  --- Campo data04 desconocido en C-6-2012-07
-distribuidos (2013-05-28 21:25:12)-  ERROR  --- Campo data05 desconocido en C-6-2012-07
-distribuidos (2013-05-28 21:25:12)-  ERROR  --- Campo data10 desconocido en C-6-2012-07
-distribuidos (2013-05-28 21:25:12)-  ERROR  --- Campo data04 desconocido en C-6-2012-07
-distribuidos (2013-05-28 21:25:12)-  ERROR  --- Campo data05 desconocido en C-6-2012-07
-distribuidos (2013-05-28 21:25:12)-  ERROR  --- Campo data10 desconocido en C-6-2012-07
-distribuidos (2013-05-28 21:25:12)-  ERROR  --- Campo data04 desconocido en C-6-2012-07
-distribuidos (2013-05-28 21:25:12)-  ERROR  --- Campo data05 desconocido en C-6-2012-07
-distribuidos (2013-05-28 21:25:12)-  ERROR  --- Campo data10 desconocido en C-6-2012-07
-distribuidos (2013-05-28 21:25:12)-  ERROR  --- Campo data04 desconocido en C-6-2012-07
-distribuidos (2013-05-28 21:25:12)-  ERROR  --- Campo data05 desconocido en C-6-2012-07
~distribuidos (2013-05-28 21:25:12)~ MENSAJE ~~~ Campo numerico vacio. Se reemplaza por 0,0
-distribuidos (2013-05-28 21:25:13)-  ERROR  --- Campo data10 desconocido en C-6-2012-07
-distribuidos (2013-05-28 21:25:13)-  ERROR  --- Campo data04 desconocido en C-6-2012-07
-distribuidos (2013-05-28 21:25:13)-  ERROR  --- Campo data05 desconocido en C-6-2012-07
~distribuidos (2013-05-28 21:25:13)~ MENSAJE ~~~ Campo numerico vacio. Se reemplaza por 0,0
-distribuidos (2013-05-28 21:25:13)-  ERROR  --- Campo data10 desconocido en C-6-2012-07
-distribuidos (2013-05-28 21:25:13)-  ERROR  --- Campo data04 desconocido en C-6-2012-07
-distribuidos (2013-05-28 21:25:13)-  ERROR  --- Campo data05 desconocido en C-6-2012-07
~distribuidos (2013-05-28 21:25:13)~ MENSAJE ~~~ Campo numerico vacio. Se reemplaza por 0,0
-distribuidos (2013-05-28 21:25:13)-  ERROR  --- Campo data10 desconocido en C-6-2012-07
-distribuidos (2013-05-28 21:25:13)-  ERROR  --- Campo data04 desconocido en C-6-2012-07
-distribuidos (2013-05-28 21:25:13)-  ERROR  --- Campo data05 desconocido en C-6-2012-07
~distribuidos (2013-05-28 21:25:13)~ MENSAJE ~~~ C-6-2012-07 se proceso con exito guardando los datos correspondientes en ../procesados/PRESTAMOS.C
~distribuidos (2013-05-28 21:25:13)~ MENSAJE ~~~ Se procedera a procesar C-6-2012-08
~distribuidos (2013-05-28 21:25:13)~ MENSAJE ~~~ Campo numerico vacio. Se reemplaza por 0,0
-distribuidos (2013-05-28 21:25:13)-  ERROR  --- Campo data10 desconocido en C-6-2012-08
-distribuidos (2013-05-28 21:25:13)-  ERROR  --- Campo data04 desconocido en C-6-2012-08
-distribuidos (2013-05-28 21:25:13)-  ERROR  --- Campo data05 desconocido en C-6-2012-08
~distribuidos (2013-05-28 21:25:13)~ MENSAJE ~~~ Campo numerico vacio. Se reemplaza por 0,0
-distribuidos (2013-05-28 21:25:13)-  ERROR  --- Campo data10 desconocido en C-6-2012-08
-distribuidos (2013-05-28 21:25:13)-  ERROR  --- Campo data04 desconocido en C-6-2012-08
-distribuidos (2013-05-28 21:25:13)-  ERROR  --- Campo data05 desconocido en C-6-2012-08
~distribuidos (2013-05-28 21:25:13)~ MENSAJE ~~~ Campo numerico vacio. Se reemplaza por 0,0
-distribuidos (2013-05-28 21:25:13)-  ERROR  --- Campo data10 desconocido en C-6-2012-08
-distribuidos (2013-05-28 21:25:13)-  ERROR  --- Campo data04 desconocido en C-6-2012-08
-distribuidos (2013-05-28 21:25:13)-  ERROR  --- Campo data05 desconocido en C-6-2012-08
~distribuidos (2013-05-28 21:25:13)~ MENSAJE ~~~ Campo numerico vacio. Se reemplaza por 0,0
-distribuidos (2013-05-28 21:25:13)-  ERROR  --- Campo data10 desconocido en C-6-2012-08
-distribuidos (2013-05-28 21:25:13)-  ERROR  --- Campo data04 desconocido en C-6-2012-08
-distribuidos (2013-05-28 21:25:13)-  ERROR  --- Campo data05 desconocido en C-6-2012-08
~distribuidos (2013-05-28 21:25:13)~ MENSAJE ~~~ Campo numerico vacio. Se reemplaza por 0,0
-distribuidos (2013-05-28 21:25:13)-  ERROR  --- Campo data10 desconocido en C-6-2012-08
-distribuidos (2013-05-28 21:25:13)-  ERROR  --- Campo data04 desconocido en C-6-2012-08
-distribuidos (2013-05-28 21:25:13)-  ERROR  --- Campo data05 desconocido en C-6-2012-08
~distribuidos (2013-05-28 21:25:13)~ MENSAJE ~~~ Campo numerico vacio. Se reemplaza por 0,0
-distribuidos (2013-05-28 21:25:13)-  ERROR  --- Campo data10 desconocido en C-6-2012-08
-distribuidos (2013-05-28 21:25:13)-  ERROR  --- Campo data04 desconocido en C-6-2012-08
-distribuidos (2013-05-28 21:25:13)-  ERROR  --- Campo data05 desconocido en C-6-2012-08
~distribuidos (2013-05-28 21:25:13)~ MENSAJE ~~~ Campo numerico vacio. Se reemplaza por 0,0
-distribuidos (2013-05-28 21:25:13)-  ERROR  --- Campo data10 desconocido en C-6-2012-08
-distribuidos (2013-05-28 21:25:13)-  ERROR  --- Campo data04 desconocido en C-6-2012-08
-distribuidos (2013-05-28 21:25:13)-  ERROR  --- Campo data05 desconocido en C-6-2012-08
~distribuidos (2013-05-28 21:25:13)~ MENSAJE ~~~ Campo numerico vacio. Se reemplaza por 0,0
-distribuidos (2013-05-28 21:25:13)-  ERROR  --- Campo data10 desconocido en C-6-2012-08
-distribuidos (2013-05-28 21:25:13)-  ERROR  --- Campo data04 desconocido en C-6-2012-08
-distribuidos (2013-05-28 21:25:13)-  ERROR  --- Campo data05 desconocido en C-6-2012-08
~distribuidos (2013-05-28 21:25:13)~ MENSAJE ~~~ Campo numerico vacio. Se reemplaza por 0,0
-distribuidos (2013-05-28 21:25:13)-  ERROR  --- Campo data10 desconocido en C-6-2012-08
-distribuidos (2013-05-28 21:25:13)-  ERROR  --- Campo data04 desconocido en C-6-2012-08
-distribuidos (2013-05-28 21:25:13)-  ERROR  --- Campo data05 desconocido en C-6-2012-08
-distribuidos (2013-05-28 21:25:13)-  ERROR  --- Campo data10 desconocido en C-6-2012-08
-distribuidos (2013-05-28 21:25:13)-  ERROR  --- Campo data04 desconocido en C-6-2012-08
-distribuidos (2013-05-28 21:25:13)-  ERROR  --- Campo data05 desconocido en C-6-2012-08
-distribuidos (2013-05-28 21:25:13)-  ERROR  --- Campo data10 desconocido en C-6-2012-08
-distribuidos (2013-05-28 21:25:13)-  ERROR  --- Campo data04 desconocido en C-6-2012-08
-distribuidos (2013-05-28 21:25:13)-  ERROR  --- Campo data05 desconocido en C-6-2012-08
-distribuidos (2013-05-28 21:25:14)-  ERROR  --- Campo data10 desconocido en C-6-2012-08
-distribuidos (2013-05-28 21:25:14)-  ERROR  --- Campo data04 desconocido en C-6-2012-08
-distribuidos (2013-05-28 21:25:14)-  ERROR  --- Campo data05 desconocido en C-6-2012-08
-distribuidos (2013-05-28 21:25:14)-  ERROR  --- Campo data10 desconocido en C-6-2012-08
-distribuidos (2013-05-28 21:25:14)-  ERROR  --- Campo data04 desconocido en C-6-2012-08
-distribuidos (2013-05-28 21:25:14)-  ERROR  --- Campo data05 desconocido en C-6-2012-08
-distribuidos (2013-05-28 21:25:14)-  ERROR  --- Campo data10 desconocido en C-6-2012-08
-distribuidos (2013-05-28 21:25:14)-  ERROR  --- Campo data04 desconocido en C-6-2012-08
-distribuidos (2013-05-28 21:25:14)-  ERROR  --- Campo data05 desconocido en C-6-2012-08
-distribuidos (2013-05-28 21:25:14)-  ERROR  --- Campo data10 desconocido en C-6-2012-08
-distribuidos (2013-05-28 21:25:14)-  ERROR  --- Campo data04 desconocido en C-6-2012-08
-distribuidos (2013-05-28 21:25:14)-  ERROR  --- Campo data05 desconocido en C-6-2012-08
~distribuidos (2013-05-28 21:25:14)~ MENSAJE ~~~ C-6-2012-08 se proceso con exito guardando los datos correspondientes en ../procesados/PRESTAMOS.C
~distribuidos (2013-05-28 21:25:14)~ MENSAJE ~~~ Se procedera a procesar C-6-2012-09
~distribuidos (2013-05-28 21:25:14)~ MENSAJE ~~~ Campo numerico vacio. Se reemplaza por 0,0
-distribuidos (2013-05-28 21:25:14)-  ERROR  --- Campo data10 desconocido en C-6-2012-09
-distribuidos (2013-05-28 21:25:14)-  ERROR  --- Campo data04 desconocido en C-6-2012-09
-distribuidos (2013-05-28 21:25:14)-  ERROR  --- Campo data05 desconocido en C-6-2012-09
~distribuidos (2013-05-28 21:25:14)~ MENSAJE ~~~ Campo numerico vacio. Se reemplaza por 0,0
-distribuidos (2013-05-28 21:25:14)-  ERROR  --- Campo data10 desconocido en C-6-2012-09
-distribuidos (2013-05-28 21:25:14)-  ERROR  --- Campo data04 desconocido en C-6-2012-09
-distribuidos (2013-05-28 21:25:14)-  ERROR  --- Campo data05 desconocido en C-6-2012-09
~distribuidos (2013-05-28 21:25:14)~ MENSAJE ~~~ Campo numerico vacio. Se reemplaza por 0,0
-distribuidos (2013-05-28 21:25:14)-  ERROR  --- Campo data10 desconocido en C-6-2012-09
-distribuidos (2013-05-28 21:25:14)-  ERROR  --- Campo data04 desconocido en C-6-2012-09
-distribuidos (2013-05-28 21:25:14)-  ERROR  --- Campo data05 desconocido en C-6-2012-09
-distribuidos (2013-05-28 21:25:14)-  ERROR  --- Campo data10 desconocido en C-6-2012-09
-distribuidos (2013-05-28 21:25:14)-  ERROR  --- Campo data04 desconocido en C-6-2012-09
-distribuidos (2013-05-28 21:25:14)-  ERROR  --- Campo data05 desconocido en C-6-2012-09
~distribuidos (2013-05-28 21:25:14)~ MENSAJE ~~~ Campo numerico vacio. Se reemplaza por 0,0
-distribuidos (2013-05-28 21:25:14)-  ERROR  --- Campo data10 desconocido en C-6-2012-09
-distribuidos (2013-05-28 21:25:14)-  ERROR  --- Campo data04 desconocido en C-6-2012-09
-distribuidos (2013-05-28 21:25:14)-  ERROR  --- Campo data05 desconocido en C-6-2012-09
~distribuidos (2013-05-28 21:25:14)~ MENSAJE ~~~ Campo numerico vacio. Se reemplaza por 0,0
-distribuidos (2013-05-28 21:25:14)-  ERROR  --- Campo data10 desconocido en C-6-2012-09
-distribuidos (2013-05-28 21:25:14)-  ERROR  --- Campo data04 desconocido en C-6-2012-09
-distribuidos (2013-05-28 21:25:14)-  ERROR  --- Campo data05 desconocido en C-6-2012-09
~distribuidos (2013-05-28 21:25:14)~ MENSAJE ~~~ Campo numerico vacio. Se reemplaza por 0,0
-distribuidos (2013-05-28 21:25:14)-  ERROR  --- Campo data10 desconocido en C-6-2012-09
-distribuidos (2013-05-28 21:25:14)-  ERROR  --- Campo data04 desconocido en C-6-2012-09
-distribuidos (2013-05-28 21:25:14)-  ERROR  --- Campo data05 desconocido en C-6-2012-09
~distribuidos (2013-05-28 21:25:14)~ MENSAJE ~~~ Campo numerico vacio. Se reemplaza por 0,0
-distribuidos (2013-05-28 21:25:14)-  ERROR  --- Campo data10 desconocido en C-6-2012-09
-distribuidos (2013-05-28 21:25:14)-  ERROR  --- Campo data04 desconocido en C-6-2012-09
-distribuidos (2013-05-28 21:25:14)-  ERROR  --- Campo data05 desconocido en C-6-2012-09
~distribuidos (2013-05-28 21:25:14)~ MENSAJE ~~~ Campo numerico vacio. Se reemplaza por 0,0
-distribuidos (2013-05-28 21:25:14)-  ERROR  --- Campo data10 desconocido en C-6-2012-09
-distribuidos (2013-05-28 21:25:14)-  ERROR  --- Campo data04 desconocido en C-6-2012-09
-distribuidos (2013-05-28 21:25:14)-  ERROR  --- Campo data05 desconocido en C-6-2012-09
~distribuidos (2013-05-28 21:25:14)~ MENSAJE ~~~ Campo numerico vacio. Se reemplaza por 0,0
-distribuidos (2013-05-28 21:25:14)-  ERROR  --- Campo data10 desconocido en C-6-2012-09
-distribuidos (2013-05-28 21:25:14)-  ERROR  --- Campo data04 desconocido en C-6-2012-09
-distribuidos (2013-05-28 21:25:14)-  ERROR  --- Campo data05 desconocido en C-6-2012-09
~distribuidos (2013-05-28 21:25:14)~ MENSAJE ~~~ Campo numerico vacio. Se reemplaza por 0,0
-distribuidos (2013-05-28 21:25:14)-  ERROR  --- Campo data10 desconocido en C-6-2012-09
-distribuidos (2013-05-28 21:25:14)-  ERROR  --- Campo data04 desconocido en C-6-2012-09
-distribuidos (2013-05-28 21:25:14)-  ERROR  --- Campo data05 desconocido en C-6-2012-09
~distribuidos (2013-05-28 21:25:15)~ MENSAJE ~~~ Campo numerico vacio. Se reemplaza por 0,0
-distribuidos (2013-05-28 21:25:15)-  ERROR  --- Campo data10 desconocido en C-6-2012-09
-distribuidos (2013-05-28 21:25:15)-  ERROR  --- Campo data04 desconocido en C-6-2012-09
-distribuidos (2013-05-28 21:25:15)-  ERROR  --- Campo data05 desconocido en C-6-2012-09
~distribuidos (2013-05-28 21:25:15)~ MENSAJE ~~~ C-6-2012-09 se proceso con exito guardando los datos correspondientes en ../procesados/PRESTAMOS.C
~distribuidos (2013-05-28 21:25:15)~ MENSAJE ~~~ Se procedera a procesar C-7-2012-04
-distribuidos (2013-05-28 21:25:15)-  ERROR  --- Campo PRES_TI desconocido en C-7-2012-04
-distribuidos (2013-05-28 21:25:15)-  ERROR  --- Campo PRES_TI desconocido en C-7-2012-04
-distribuidos (2013-05-28 21:25:15)-  ERROR  --- Campo PRES_TI desconocido en C-7-2012-04
-distribuidos (2013-05-28 21:25:15)-  ERROR  --- Campo PRES_TI desconocido en C-7-2012-04
-distribuidos (2013-05-28 21:25:15)-  ERROR  --- Campo PRES_TI desconocido en C-7-2012-04
-distribuidos (2013-05-28 21:25:15)-  ERROR  --- Campo PRES_TI desconocido en C-7-2012-04
-distribuidos (2013-05-28 21:25:15)-  ERROR  --- Campo PRES_TI desconocido en C-7-2012-04
-distribuidos (2013-05-28 21:25:15)-  ERROR  --- Campo PRES_TI desconocido en C-7-2012-04
-distribuidos (2013-05-28 21:25:15)-  ERROR  --- Campo PRES_TI desconocido en C-7-2012-04
-distribuidos (2013-05-28 21:25:15)-  ERROR  --- Campo PRES_TI desconocido en C-7-2012-04
-distribuidos (2013-05-28 21:25:15)-  ERROR  --- Campo PRES_TI desconocido en C-7-2012-04
-distribuidos (2013-05-28 21:25:15)-  ERROR  --- Campo PRES_TI desconocido en C-7-2012-04
-distribuidos (2013-05-28 21:25:15)-  ERROR  --- Campo PRES_TI desconocido en C-7-2012-04
-distribuidos (2013-05-28 21:25:15)-  ERROR  --- Campo PRES_TI desconocido en C-7-2012-04
-distribuidos (2013-05-28 21:25:16)-  ERROR  --- Campo PRES_TI desconocido en C-7-2012-04
-distribuidos (2013-05-28 21:25:16)-  ERROR  --- Campo PRES_TI desconocido en C-7-2012-04
-distribuidos (2013-05-28 21:25:16)-  ERROR  --- Campo PRES_TI desconocido en C-7-2012-04
~distribuidos (2013-05-28 21:25:16)~ MENSAJE ~~~ C-7-2012-04 se proceso con exito guardando los datos correspondientes en ../procesados/PRESTAMOS.C
~distribuidos (2013-05-28 21:25:16)~ MENSAJE ~~~ Se procedera a procesar C-7-2012-05
-distribuidos (2013-05-28 21:25:16)-  ERROR  --- Campo PRES_TI desconocido en C-7-2012-05
-distribuidos (2013-05-28 21:25:16)-  ERROR  --- Campo PRES_TI desconocido en C-7-2012-05
-distribuidos (2013-05-28 21:25:16)-  ERROR  --- Campo PRES_TI desconocido en C-7-2012-05
-distribuidos (2013-05-28 21:25:16)-  ERROR  --- Campo PRES_TI desconocido en C-7-2012-05
-distribuidos (2013-05-28 21:25:16)-  ERROR  --- Campo PRES_TI desconocido en C-7-2012-05
-distribuidos (2013-05-28 21:25:16)-  ERROR  --- Campo PRES_TI desconocido en C-7-2012-05
~distribuidos (2013-05-28 21:25:16)~ MENSAJE ~~~ Campo numerico vacio. Se reemplaza por 0,0
-distribuidos (2013-05-28 21:25:16)-  ERROR  --- Campo PRES_TI desconocido en C-7-2012-05
~distribuidos (2013-05-28 21:25:16)~ MENSAJE ~~~ Campo numerico vacio. Se reemplaza por 0,0
-distribuidos (2013-05-28 21:25:16)-  ERROR  --- Campo PRES_TI desconocido en C-7-2012-05
~distribuidos (2013-05-28 21:25:16)~ MENSAJE ~~~ Campo numerico vacio. Se reemplaza por 0,0
-distribuidos (2013-05-28 21:25:16)-  ERROR  --- Campo PRES_TI desconocido en C-7-2012-05
~distribuidos (2013-05-28 21:25:16)~ MENSAJE ~~~ Campo numerico vacio. Se reemplaza por 0,0
-distribuidos (2013-05-28 21:25:16)-  ERROR  --- Campo PRES_TI desconocido en C-7-2012-05
~distribuidos (2013-05-28 21:25:16)~ MENSAJE ~~~ Campo numerico vacio. Se reemplaza por 0,0
-distribuidos (2013-05-28 21:25:16)-  ERROR  --- Campo PRES_TI desconocido en C-7-2012-05
~distribuidos (2013-05-28 21:25:16)~ MENSAJE ~~~ Campo numerico vacio. Se reemplaza por 0,0
-distribuidos (2013-05-28 21:25:16)-  ERROR  --- Campo PRES_TI desconocido en C-7-2012-05
~distribuidos (2013-05-28 21:25:16)~ MENSAJE ~~~ Campo numerico vacio. Se reemplaza por 0,0
-distribuidos (2013-05-28 21:25:17)-  ERROR  --- Campo PRES_TI desconocido en C-7-2012-05
-distribuidos (2013-05-28 21:25:17)-  ERROR  --- Campo PRES_TI desconocido en C-7-2012-05
~distribuidos (2013-05-28 21:25:17)~ MENSAJE ~~~ C-7-2012-05 se proceso con exito guardando los datos correspondientes en ../procesados/PRESTAMOS.C
~distribuidos (2013-05-28 21:25:17)~ MENSAJE ~~~ Se procedera a procesar C-7-2012-06
-distribuidos (2013-05-28 21:25:17)-  ERROR  --- Campo PRES_TI desconocido en C-7-2012-06
-distribuidos (2013-05-28 21:25:17)-  ERROR  --- Campo PRES_TI desconocido en C-7-2012-06
~distribuidos (2013-05-28 21:25:17)~ MENSAJE ~~~ Campo numerico vacio. Se reemplaza por 0,0
-distribuidos (2013-05-28 21:25:17)-  ERROR  --- Campo PRES_TI desconocido en C-7-2012-06
~distribuidos (2013-05-28 21:25:17)~ MENSAJE ~~~ Campo numerico vacio. Se reemplaza por 0,0
-distribuidos (2013-05-28 21:25:17)-  ERROR  --- Campo PRES_TI desconocido en C-7-2012-06
~distribuidos (2013-05-28 21:25:17)~ MENSAJE ~~~ Campo numerico vacio. Se reemplaza por 0,0
-distribuidos (2013-05-28 21:25:17)-  ERROR  --- Campo PRES_TI desconocido en C-7-2012-06
~distribuidos (2013-05-28 21:25:17)~ MENSAJE ~~~ Campo numerico vacio. Se reemplaza por 0,0
-distribuidos (2013-05-28 21:25:17)-  ERROR  --- Campo PRES_TI desconocido en C-7-2012-06
-distribuidos (2013-05-28 21:25:17)-  ERROR  --- Campo PRES_TI desconocido en C-7-2012-06
-distribuidos (2013-05-28 21:25:17)-  ERROR  --- Campo PRES_TI desconocido en C-7-2012-06
-distribuidos (2013-05-28 21:25:17)-  ERROR  --- Campo PRES_TI desconocido en C-7-2012-06
-distribuidos (2013-05-28 21:25:17)-  ERROR  --- Campo PRES_TI desconocido en C-7-2012-06
-distribuidos (2013-05-28 21:25:17)-  ERROR  --- Campo PRES_TI desconocido en C-7-2012-06
~distribuidos (2013-05-28 21:25:17)~ MENSAJE ~~~ C-7-2012-06 se proceso con exito guardando los datos correspondientes en ../procesados/PRESTAMOS.C
~distribuidos (2013-05-28 21:25:17)~ MENSAJE ~~~ Finaliza el interprete
~distribuidos (2013-05-28 21:38:36)~ MENSAJE ~~~ Se inicializa el interprete con 1 archivos.
~distribuidos (2013-05-28 21:38:36)~ MENSAJE ~~~ Se procedera a procesar C-7-2012-03
-distribuidos (2013-05-28 21:38:36)-  ERROR  --- Error de delimitador de campo en C-7-2012-03
~distribuidos (2013-05-28 21:38:36)~ MENSAJE ~~~ C-7-2012-03 se envia a rechazados
~distribuidos (2013-05-28 21:38:36)~ MENSAJE ~~~ Finaliza el interprete
~distribuidos (2013-05-28 21:41:05)~ MENSAJE ~~~ Se inicializa el interprete con 1 archivos.
-distribuidos (2013-05-28 21:41:05)-  ERROR  --- Interprete Encontro un archivo duplicado
~distribuidos (2013-05-28 21:41:05)~ MENSAJE ~~~ Finaliza el interprete
~distribuidos (2013-05-28 21:41:32)~ MENSAJE ~~~ Se inicializa el interprete con 1 archivos.
~distribuidos (2013-05-28 21:41:32)~ MENSAJE ~~~ Se procedera a procesar A-6-2012-04
~distribuidos (2013-05-28 21:41:32)~ MENSAJE ~~~ Campo numerico vacio. Se reemplaza por 0,0
-distribuidos (2013-05-28 21:41:32)-  ERROR  --- Error de delimitador de campo en A-6-2012-04
~distribuidos (2013-05-28 21:41:32)~ MENSAJE ~~~ A-6-2012-04 se envia a rechazados ../procesados/PRESTAMOS.A
~distribuidos (2013-05-28 21:41:32)~ MENSAJE ~~~ Finaliza el interprete
